T
ecart -1
4.441899521822404
ecart
4.441899015855592
dX
[-3.04126422e-05  1.22760646e-05  1.64289027e-07 -3.06987502e-07
 -2.94751779e-08 -1.06605078e-04  2.22934329e-04]
X = [A,B,C,p1,p2,D,p3]
[-3.79737355e+00  8.43453942e+00  2.85138267e+02  5.61085802e+00
  2.81468137e+00 -4.06373760e-02  1.70281712e-02]
 
 
H
ecart -1
13.47738815381107
ecart
13.454214309043051
dX
[-4.23861966e-04 -6.70000802e-05  3.14518722e-06 -4.93749042e-08
  3.06341441e-07  7.99243512e-04  9.78605720e-04]
X = [A,B,C,p1,p2,D,p3]
[12.96545095  6.90274394 71.1552193   5.62652456  0.31908833  2.48295725
  0.97093651]
