T
ecart
4.4454594965874605
dX
[ 3.37549701e-03 -4.11215664e-02 -1.02534775e-02 -6.06790457e-02
 -9.06396922e-06  5.17120165e-03 -2.30521602e-03 -3.84374362e-04
  1.71624372e-04]
X = [C, A, phi1, B, phi2, D, phi3, E, phi4]
[ 2.85126176e+02 -3.46386114e+00  5.67071581e+00 -7.95767694e+00
  5.95632981e+00  6.16916490e-01  6.24242143e+00 -3.16172590e-02
  2.67426410e-03]
 
 
H
ecart
13.46171818257036
dX
[ 1.36179136e-03  6.72741516e-02  9.53593471e-07  3.45399224e-02
  1.81231414e-04 -1.70451692e-02 -6.51206134e-03  1.75494963e-02
  8.65351686e-03]
X = [C, A, phi1, B, phi2, D, phi3, E, phi4]
[71.13764987 11.2106369   5.62646502  6.00523762  0.31793983 -2.15898805
  5.96512741  1.46605435  0.32361561]
