ecart
4.415694283383438
dX
[ 2.39802143e-05 -3.46498520e-03 -3.16004787e-04 -4.89629353e-03
 -6.07757222e-07  1.08450584e-03 -2.27327973e-03 -1.15540598e-04
  1.96010774e-04  7.24755340e-05 -1.41318444e-04 -3.82684435e-05
 -1.17878040e-04]
X = [C, A, phi1, B, phi2, D, phi3, E, phi4], F, phi5, G, phi6
[ 2.85138253e+02 -3.77025815e+00  5.61243713e+00 -8.39738900e+00
  5.95626734e+00  6.64829296e-01  6.19366499e+00 -3.55282083e-02
  6.59654426e-03  8.58689428e-02  6.27803532e+00 -7.80736324e-02
  6.27876991e+00]
H
ecart
13.27541669530237
dX
[ 3.82776655e-06  1.18793864e-05  1.14431131e-08  1.12999885e-05
  1.06538049e-06 -7.21222193e-06 -1.94438206e-05  3.51858755e-05
  1.35144241e-04 -1.43501271e-04 -2.98182799e-04  2.43047505e-03
 -3.02094439e-03]
X = [C, A, phi1, B, phi2, D, phi3, E, phi4], F, phi5, G, phi6
[71.1553131  12.95354558  5.62648561  6.90021219  0.3193087  -2.72510888
  5.66712864  2.50198275  1.00739916 -0.16110029  6.21532372  1.38720613
  5.39421813]
